2022-05-18 16:04:58,083 - https://en.wikipedia.org/wiki/Computer  Total words in this page is 8487
2022-05-18 16:04:58,301 - https://en.wikipedia.org/wiki/Computer_(disambiguation)  Total words in this page is 18
2022-05-18 16:04:58,676 - https://en.wikipedia.org/wiki/Computer_(Courage_the_Cowardly_Dog)  Total words in this page is 6752
2022-05-18 16:04:58,911 - https://en.wikipedia.org/wiki/Computer-on-module  Total words in this page is 593
2022-05-18 16:04:59,145 - https://en.wikipedia.org/wiki/Computer_(magazine)  Total words in this page is 183
2022-05-18 16:04:59,520 - https://en.wikipedia.org/wiki/Computer-aided_design  Total words in this page is 1763
2022-05-18 16:04:59,863 - https://en.wikipedia.org/wiki/Computer-aided_manufacturing  Total words in this page is 813
2022-05-18 16:05:00,331 - https://en.wikipedia.org/wiki/Computer_network  Total words in this page is 6334
2022-05-18 16:05:00,737 - https://en.wikipedia.org/wiki/Computer_pioneer  Total words in this page is 31
2022-05-18 16:05:01,096 - https://en.wikipedia.org/wiki/Computer_architecture  Total words in this page is 1940
2022-05-18 16:05:01,596 - https://en.wikipedia.org/wiki/Computer_revolution  Total words in this page is 3315
2022-05-18 16:05:01,989 - https://en.wikipedia.org/wiki/Computer_hardware  Total words in this page is 2311
2022-05-18 16:05:02,366 - https://en.wikipedia.org/wiki/Computer_memory  Total words in this page is 2330
2022-05-18 16:05:02,737 - https://en.wikipedia.org/wiki/Computer_cluster  Total words in this page is 2810
2022-05-18 16:05:03,128 - https://en.wikipedia.org/wiki/Computer_music  Total words in this page is 2196
2022-05-18 16:05:03,581 - https://en.wikipedia.org/wiki/Computer_data_storage  Total words in this page is 3569
2022-05-18 16:05:04,028 - https://en.wikipedia.org/wiki/Computer_keyboard  Total words in this page is 6456
2022-05-18 16:05:04,319 - https://en.wikipedia.org/wiki/Computer_port_(hardware)  Total words in this page is 835
2022-05-18 16:05:04,659 - https://en.wikipedia.org/wiki/Computer_Society  Total words in this page is 1206
2022-05-18 16:05:04,988 - https://en.wikipedia.org/wiki/Computer_numerical_control  Total words in this page is 1982
2022-05-18 16:05:05,394 - https://en.wikipedia.org/wiki/Computer_graphics  Total words in this page is 6732
2022-05-18 16:05:05,754 - https://en.wikipedia.org/wiki/Computer-aided_engineering  Total words in this page is 591
2022-05-18 16:05:06,050 - https://en.wikipedia.org/wiki/Computer_(occupation)  Total words in this page is 1881
2022-05-18 16:05:06,378 - https://en.wikipedia.org/wiki/Computer_simulation  Total words in this page is 2559
2022-05-18 16:05:06,706 - https://en.wikipedia.org/wiki/Computer_case  Total words in this page is 1849
2022-05-18 16:05:07,097 - https://en.wikipedia.org/wiki/Computer_aided_design  Total words in this page is 1763
2022-05-18 16:05:07,456 - https://en.wikipedia.org/wiki/Computer_engineering  Total words in this page is 1872
2022-05-18 16:05:07,817 - https://en.wikipedia.org/wiki/Computer_software  Total words in this page is 1835
2022-05-18 16:05:08,160 - https://en.wikipedia.org/wiki/Computer_multitasking  Total words in this page is 1931
2022-05-18 16:05:08,551 - https://en.wikipedia.org/wiki/Computer_programming  Total words in this page is 1969
2022-05-18 16:05:08,769 - https://en.wikipedia.org/wiki/Computer_module  Total words in this page is 138
2022-05-18 16:05:09,035 - https://en.wikipedia.org/wiki/Computer_speakers  Total words in this page is 249
2022-05-18 16:05:09,300 - https://en.wikipedia.org/wiki/Computer_Conservation_Society  Total words in this page is 194
2022-05-18 16:05:09,790 - https://en.wikipedia.org/wiki/Computer_animation  Total words in this page is 3192
2022-05-18 16:05:10,126 - https://en.wikipedia.org/wiki/Computer_monitor  Total words in this page is 3377
2022-05-18 16:05:10,470 - https://en.wikipedia.org/wiki/Computer_History_Museum  Total words in this page is 957
2022-05-18 16:05:10,802 - https://en.wikipedia.org/wiki/Computer_Pioneer_Award  Total words in this page is 135
2022-05-18 16:05:11,162 - https://en.wikipedia.org/wiki/Computer_display  Total words in this page is 3377
2022-05-18 16:05:11,443 - https://en.wikipedia.org/wiki/Computer_lab  Total words in this page is 522
2022-05-18 16:05:11,708 - https://en.wikipedia.org/wiki/Computer_speaker  Total words in this page is 249
2022-05-18 16:05:12,051 - https://en.wikipedia.org/wiki/Computer_file  Total words in this page is 3700
2022-05-18 16:05:12,692 - https://en.wikipedia.org/wiki/Computer_security  Total words in this page is 8618
2022-05-18 16:05:13,160 - https://en.wikipedia.org/wiki/Computer_virus  Total words in this page is 5646
2022-05-18 16:05:13,690 - https://en.wikipedia.org/wiki/Computer_mouse  Total words in this page is 7866
2022-05-18 16:05:14,284 - https://en.wikipedia.org/wiki/Computer_program  Total words in this page is 5387
2022-05-18 16:05:14,785 - https://en.wikipedia.org/wiki/Computer_science  Total words in this page is 3753
2022-05-18 16:05:15,257 - https://en.wikipedia.org/wiki/Computer_networks  Total words in this page is 6334
2022-05-18 16:05:15,706 - https://en.wikipedia.org/wiki/Computer_recycling  Total words in this page is 5248
2022-05-18 16:05:16,065 - https://en.wikipedia.org/wiki/Computer_bus  Total words in this page is 3290
2022-05-18 16:05:16,425 - https://en.wikipedia.org/wiki/Computer_processor  Total words in this page is 573
2022-05-18 16:05:16,815 - https://en.wikipedia.org/wiki/Computer_models_of_musical_creativity  Total words in this page is 4270
2022-05-18 16:05:17,034 - https://en.wikipedia.org/wiki/Computer-aided_technologies  Total words in this page is 44
2022-05-18 16:05:17,284 - https://en.wikipedia.org/wiki/Computer_Graphics:_Principles_and_Practice  Total words in this page is 240
2022-05-18 16:05:17,514 - https://en.wikipedia.org/wiki/Computer_graphics_(disambiguation)  Total words in this page is 26
2022-05-18 16:05:17,738 - https://en.wikipedia.org/wiki/Computer_architecture_simulator  Total words in this page is 378
2022-05-18 16:05:18,004 - https://en.wikipedia.org/wiki/Computer_representation_of_surfaces  Total words in this page is 1108
2022-05-18 16:05:18,363 - https://en.wikipedia.org/wiki/Computer_graphics_lighting  Total words in this page is 2104
2022-05-18 16:05:18,639 - https://en.wikipedia.org/wiki/Computer_Music_(magazine)  Total words in this page is 157
2022-05-18 16:05:18,988 - https://en.wikipedia.org/wiki/Computer_graphics_(computer_science)  Total words in this page is 527
2022-05-18 16:05:19,269 - https://en.wikipedia.org/wiki/Computer_Simulation_Technology  Total words in this page is 713
2022-05-18 16:05:19,550 - https://en.wikipedia.org/wiki/Computer_experiment  Total words in this page is 729
2022-05-18 16:05:19,815 - https://en.wikipedia.org/wiki/Computer_case_screws  Total words in this page is 1169
2022-05-18 16:05:20,127 - https://en.wikipedia.org/wiki/Computer_fan  Total words in this page is 1600
2022-05-18 16:05:20,707 - https://en.wikipedia.org/wiki/Computers  Total words in this page is 8487
2022-05-18 16:05:21,020 - https://en.wikipedia.org/wiki/Computer-aided_industrial_design  Total words in this page is 289
2022-05-18 16:05:21,410 - https://en.wikipedia.org/wiki/Computer_cooling  Total words in this page is 7679
2022-05-18 16:05:21,664 - https://en.wikipedia.org/wiki/Computer_Aid_International  Total words in this page is 1059
2022-05-18 16:05:22,019 - https://en.wikipedia.org/wiki/Computer-mediated_communication  Total words in this page is 1438
2022-05-18 16:05:22,410 - https://en.wikipedia.org/wiki/Computer_generated_imagery  Total words in this page is 1819
2022-05-18 16:05:22,691 - https://en.wikipedia.org/wiki/Computer_facial_animation  Total words in this page is 963
2022-05-18 16:05:23,034 - https://en.wikipedia.org/wiki/Computer_screen_film  Total words in this page is 1085
2022-05-18 16:05:23,534 - https://en.wikipedia.org/wiki/Computer_games  Total words in this page is 5668
2022-05-18 16:05:23,832 - https://en.wikipedia.org/wiki/Computer-aided_garden_design  Total words in this page is 95
2022-05-18 16:05:24,097 - https://en.wikipedia.org/wiki/Computer-integrated_manufacturing  Total words in this page is 476
2022-05-18 16:05:24,378 - https://en.wikipedia.org/wiki/Computer-automated_design  Total words in this page is 663
2022-05-18 16:05:24,644 - https://en.wikipedia.org/wiki/Computer_museums  Total words in this page is 187
2022-05-18 16:05:24,910 - https://en.wikipedia.org/wiki/Computer_science_and_engineering  Total words in this page is 194
2022-05-18 16:05:25,159 - https://en.wikipedia.org/wiki/Computer-aided  Total words in this page is 49
2022-05-18 16:05:25,441 - https://en.wikipedia.org/wiki/Computers_in_the_classroom  Total words in this page is 2180
2022-05-18 16:05:25,800 - https://en.wikipedia.org/wiki/Computer_file_management  Total words in this page is 1826
2022-05-18 16:05:26,206 - https://en.wikipedia.org/wiki/Computer_surveillance  Total words in this page is 2830
2022-05-18 16:05:26,791 - https://en.wikipedia.org/wiki/Computer_chip  Total words in this page is 5198
2022-05-18 16:05:27,041 - https://en.wikipedia.org/wiki/Computer_fraud  Total words in this page is 325
2022-05-18 16:05:27,432 - https://en.wikipedia.org/wiki/Computer_security_conference  Total words in this page is 351
2022-05-18 16:05:27,646 - https://en.wikipedia.org/wiki/Computer_security_model  Total words in this page is 69
2022-05-18 16:05:28,237 - https://en.wikipedia.org/wiki/Computer_history  Total words in this page is 9905
2022-05-18 16:05:28,628 - https://en.wikipedia.org/wiki/Computer_and_network_surveillance  Total words in this page is 2830
2022-05-18 16:05:28,973 - https://en.wikipedia.org/wiki/Computer_Fraud_and_Abuse_Act  Total words in this page is 1057
2022-05-18 16:05:29,333 - https://en.wikipedia.org/wiki/Computer_Emergency_Readiness_Team  Total words in this page is 251
2022-05-18 16:05:29,676 - https://en.wikipedia.org/wiki/Computer_fraud_and_abuse_act  Total words in this page is 1057
2022-05-18 16:05:29,973 - https://en.wikipedia.org/wiki/Computer-aided_dispatch  Total words in this page is 2828
2022-05-18 16:05:30,317 - https://en.wikipedia.org/wiki/Computer_emergency_response_team  Total words in this page is 251
2022-05-18 16:05:30,598 - https://en.wikipedia.org/wiki/Computer_access_control  Total words in this page is 1409
2022-05-18 16:05:30,877 - https://en.wikipedia.org/wiki/Computer_fan_control  Total words in this page is 1810
2022-05-18 16:05:31,205 - https://en.wikipedia.org/wiki/Computer_model  Total words in this page is 2559
2022-05-18 16:05:31,455 - https://en.wikipedia.org/wiki/Computer_Crime_and_Intellectual_Property_Section  Total words in this page is 105
2022-05-18 16:05:31,908 - https://en.wikipedia.org/wiki/Computer_crime  Total words in this page is 4867
2022-05-18 16:05:32,315 - https://en.wikipedia.org/wiki/Computer_vision  Total words in this page is 3593
2022-05-18 16:05:32,665 - https://en.wikipedia.org/wiki/Computer_worm  Total words in this page is 1348
2022-05-18 16:05:33,019 - https://en.wikipedia.org/wiki/Computer_security_compromised_by_hardware_failure  Total words in this page is 3612
2022-05-18 16:05:33,363 - https://en.wikipedia.org/wiki/Computer_accessibility  Total words in this page is 1745
2022-05-18 16:05:33,675 - https://en.wikipedia.org/wiki/Computer_technology_for_developing_areas  Total words in this page is 2709
2022-05-18 16:05:34,063 - https://en.wikipedia.org/wiki/Computer_components  Total words in this page is 2311
2022-05-18 16:05:34,360 - https://en.wikipedia.org/wiki/Computer-supported_collaboration  Total words in this page is 2195
2022-05-18 16:05:34,860 - https://en.wikipedia.org/wiki/Computer_viruses  Total words in this page is 5646
2022-05-18 16:05:35,424 - https://en.wikipedia.org/wiki/Computer_systems  Total words in this page is 8487
2022-05-18 16:05:36,050 - https://en.wikipedia.org/wiki/Computer_insecurity  Total words in this page is 8618
2022-05-18 16:05:36,630 - https://en.wikipedia.org/wiki/Computer_system  Total words in this page is 8487
2022-05-18 16:05:36,833 - https://en.wikipedia.org/wiki/Computer-aided_quality_assurance  Total words in this page is 27
2022-05-18 16:05:37,099 - https://en.wikipedia.org/wiki/ComputerLand  Total words in this page is 615
2022-05-18 16:05:37,427 - https://en.wikipedia.org/wiki/Computer_Gaming_World  Total words in this page is 1620
2022-05-18 16:05:37,724 - https://en.wikipedia.org/wiki/Computer_wargame  Total words in this page is 469
2022-05-18 16:05:38,005 - https://en.wikipedia.org/wiki/Computer-aided_maintenance  Total words in this page is 233
2022-05-18 16:05:38,208 - https://en.wikipedia.org/wiki/Computer-aided_quality  Total words in this page is 27
2022-05-18 16:05:38,458 - https://en.wikipedia.org/wiki/Computer-aided_production_engineering  Total words in this page is 1222
2022-05-18 16:05:38,831 - https://en.wikipedia.org/wiki/Computer-aided_drafting  Total words in this page is 1763
2022-05-18 16:05:39,113 - https://en.wikipedia.org/wiki/Computer_Assisted_Orthopedic_Surgery  Total words in this page is 728
2022-05-18 16:05:39,409 - https://en.wikipedia.org/wiki/Computer-assisted_painting  Total words in this page is 1551
2022-05-18 16:05:39,722 - https://en.wikipedia.org/wiki/Computer-aided_translation  Total words in this page is 1017
2022-05-18 16:05:40,081 - https://en.wikipedia.org/wiki/Computer-Aided_Design  Total words in this page is 1763
2022-05-18 16:05:40,347 - https://en.wikipedia.org/wiki/Computer_museum  Total words in this page is 187
2022-05-18 16:05:40,770 - https://en.wikipedia.org/wiki/Computer-aided_diagnosis  Total words in this page is 3835
2022-05-18 16:05:41,114 - https://en.wikipedia.org/wiki/Computer-assisted_sperm_analysis  Total words in this page is 2931
2022-05-18 16:05:41,504 - https://en.wikipedia.org/wiki/Computer-aided_algorithmic_composition  Total words in this page is 2196
2022-05-18 16:05:41,926 - https://en.wikipedia.org/wiki/Computer-assisted_detection  Total words in this page is 3835
2022-05-18 16:05:42,145 - https://en.wikipedia.org/wiki/Computer_language  Total words in this page is 18
2022-05-18 16:05:42,410 - https://en.wikipedia.org/wiki/Computer_and_Internet_Protocol_Address_Verifier  Total words in this page is 182
2022-05-18 16:05:42,708 - https://en.wikipedia.org/wiki/Computer_security_software  Total words in this page is 770
2022-05-18 16:05:43,005 - https://en.wikipedia.org/wiki/Computer_art  Total words in this page is 1243
2022-05-18 16:05:43,315 - https://en.wikipedia.org/wiki/Computer_Music_Center  Total words in this page is 594
2022-05-18 16:05:43,570 - https://en.wikipedia.org/wiki/Computer_Music_Journal  Total words in this page is 146
2022-05-18 16:05:43,989 - https://en.wikipedia.org/wiki/Computer-generated_imagery  Total words in this page is 1819
2022-05-18 16:05:44,270 - https://en.wikipedia.org/wiki/Computer_art_scene  Total words in this page is 1155
2022-05-18 16:05:44,556 - https://en.wikipedia.org/wiki/Computer-Aided_Design_Technical_Committee  Total words in this page is 320
2022-05-18 16:05:44,817 - https://en.wikipedia.org/wiki/Computer_Arts_Society  Total words in this page is 1036
2022-05-18 16:05:45,083 - https://en.wikipedia.org/wiki/Computer_Audition  Total words in this page is 1234
2022-05-18 16:05:45,302 - https://en.wikipedia.org/wiki/Computer_aided_call_handling  Total words in this page is 230
2022-05-18 16:05:45,532 - https://en.wikipedia.org/wiki/Computer_Law_%26_Security_Review  Total words in this page is 129
2022-05-18 16:05:45,799 - https://en.wikipedia.org/wiki/Computer_trespass  Total words in this page is 471
2022-05-18 16:05:46,111 - https://en.wikipedia.org/wiki/Computer_applications  Total words in this page is 1145
2022-05-18 16:05:46,377 - https://en.wikipedia.org/wiki/Computer_audition  Total words in this page is 1234
2022-05-18 16:05:46,736 - https://en.wikipedia.org/wiki/Computer-human_interaction  Total words in this page is 2341
2022-05-18 16:05:47,111 - https://en.wikipedia.org/wiki/Computer_stereo_vision  Total words in this page is 1219
2022-05-18 16:05:47,517 - https://en.wikipedia.org/wiki/Computer-assisted_diagnosis  Total words in this page is 3835
2022-05-18 16:05:47,784 - https://en.wikipedia.org/wiki/Computervision  Total words in this page is 1534
2022-05-18 16:05:48,018 - https://en.wikipedia.org/wiki/Computers_for_African_Schools  Total words in this page is 397
2022-05-18 16:05:48,315 - https://en.wikipedia.org/wiki/Computers,_Freedom_and_Privacy  Total words in this page is 1089
2022-05-18 16:05:48,722 - https://en.wikipedia.org/wiki/Computer-supported_collaborative_learning  Total words in this page is 6058
2022-05-18 16:05:49,050 - https://en.wikipedia.org/wiki/Computer_performance  Total words in this page is 2177
2022-05-18 16:05:49,409 - https://en.wikipedia.org/wiki/Computer_terminal  Total words in this page is 4243
2022-05-18 16:05:49,877 - https://en.wikipedia.org/wiki/Computer_storage  Total words in this page is 3569
2022-05-18 16:05:50,143 - https://en.wikipedia.org/wiki/Computer_programming_in_the_punched_card_era  Total words in this page is 1249
2022-05-18 16:05:50,409 - https://en.wikipedia.org/wiki/Computer_City  Total words in this page is 1079
2022-05-18 16:05:50,686 - https://en.wikipedia.org/wiki/Computer_Games_Magazine  Total words in this page is 344
2022-05-18 16:05:50,972 - https://en.wikipedia.org/wiki/Computer-assisted_orthopedic_surgery  Total words in this page is 728
2022-05-18 16:05:51,237 - https://en.wikipedia.org/wiki/Computer_Shopper_(US_magazine)  Total words in this page is 212
2022-05-18 16:05:51,628 - https://en.wikipedia.org/wiki/Computer_Aided_Design  Total words in this page is 1763
2022-05-18 16:05:51,910 - https://en.wikipedia.org/wiki/Computer_Bismarck  Total words in this page is 1529
2022-05-18 16:05:52,316 - https://en.wikipedia.org/wiki/Computer_bug  Total words in this page is 3333
2022-05-18 16:05:52,672 - https://en.wikipedia.org/wiki/Computer-assisted_translation  Total words in this page is 1017
2022-05-18 16:05:53,090 - https://en.wikipedia.org/wiki/Computer_painting  Total words in this page is 6732
2022-05-18 16:05:53,340 - https://en.wikipedia.org/wiki/Computer-aided_simple_triage  Total words in this page is 541
2022-05-18 16:05:53,660 - https://en.wikipedia.org/wiki/Computer_Aided_Manufacturing  Total words in this page is 813
2022-05-18 16:05:53,879 - https://en.wikipedia.org/wiki/Computer-assisted_reviewing  Total words in this page is 183
2022-05-18 16:05:54,192 - https://en.wikipedia.org/wiki/Computer-assisted_interpreting  Total words in this page is 1017
2022-05-18 16:05:54,799 - https://en.wikipedia.org/wiki/Computer_game  Total words in this page is 7965
2022-05-18 16:05:55,343 - https://en.wikipedia.org/wiki/Computers_and_the_environment  Total words in this page is 10299
2022-05-18 16:05:55,679 - https://en.wikipedia.org/wiki/Computer_science_education  Total words in this page is 659
2022-05-18 16:05:55,882 - https://en.wikipedia.org/wiki/Computer_science_(disambiguation)  Total words in this page is 8
2022-05-18 16:05:56,178 - https://en.wikipedia.org/wiki/Computer-aided_auscultation  Total words in this page is 1306
2022-05-18 16:05:56,397 - https://en.wikipedia.org/wiki/Computer-aided_call_handling  Total words in this page is 230
2022-05-18 16:05:56,616 - https://en.wikipedia.org/wiki/Computerized_Systems_Used_In_Clinical_Trials  Total words in this page is 48
2022-05-18 16:05:57,237 - https://en.wikipedia.org/wiki/Computer_code  Total words in this page is 5387
2022-05-18 16:05:57,643 - https://en.wikipedia.org/wiki/Computer_word  Total words in this page is 1982
2022-05-18 16:05:57,956 - https://en.wikipedia.org/wiki/Computer_performance_by_orders_of_magnitude  Total words in this page is 57
2022-05-18 16:05:58,174 - https://en.wikipedia.org/wiki/Computer_Graphics_(Publication)  Total words in this page is 75
2022-05-18 16:05:58,393 - https://en.wikipedia.org/wiki/Computer_Graphics_(publication)  Total words in this page is 75
2022-05-18 16:05:58,643 - https://en.wikipedia.org/wiki/Computer-aided_architectural_design  Total words in this page is 719
2022-05-18 16:05:59,143 - https://en.wikipedia.org/wiki/Computer_networking  Total words in this page is 6334
2022-05-18 16:05:59,408 - https://en.wikipedia.org/wiki/Computer_Science_Teachers_Association  Total words in this page is 324
2022-05-18 16:05:59,769 - https://en.wikipedia.org/wiki/Computer_organisation  Total words in this page is 3126
2022-05-18 16:06:00,128 - https://en.wikipedia.org/wiki/Computer_Numerical_Controlled  Total words in this page is 1982
2022-05-18 16:06:00,394 - https://en.wikipedia.org/wiki/Computer_Automated_Measurement_and_Control  Total words in this page is 382
2022-05-18 16:06:00,685 - https://en.wikipedia.org/wiki/Computer-assisted_surgery  Total words in this page is 2280
2022-05-18 16:06:00,950 - https://en.wikipedia.org/wiki/Computer-aided_software_engineering  Total words in this page is 912
2022-05-18 16:06:01,232 - https://en.wikipedia.org/wiki/Computer_aided_dispatch  Total words in this page is 2828
2022-05-18 16:06:01,622 - https://en.wikipedia.org/wiki/Computer_Law  Total words in this page is 3558
2022-05-18 16:06:02,050 - https://en.wikipedia.org/wiki/Computer-generated_music  Total words in this page is 2196
2022-05-18 16:06:02,362 - https://en.wikipedia.org/wiki/Computer_programmer  Total words in this page is 1182
2022-05-18 16:06:02,581 - https://en.wikipedia.org/wiki/Computer-aided_process_planning  Total words in this page is 676
2022-05-18 16:06:02,894 - https://en.wikipedia.org/wiki/Computer_and_Video_Games  Total words in this page is 750
2022-05-18 16:06:03,193 - https://en.wikipedia.org/wiki/Computeractive  Total words in this page is 203
2022-05-18 16:06:03,428 - https://en.wikipedia.org/wiki/Computer_user_satisfaction  Total words in this page is 1555
2022-05-18 16:06:03,693 - https://en.wikipedia.org/wiki/Computer_Professionals_for_Social_Responsibility  Total words in this page is 426
2022-05-18 16:06:04,033 - https://en.wikipedia.org/wiki/Computer_simulator  Total words in this page is 2559
2022-05-18 16:06:04,345 - https://en.wikipedia.org/wiki/Computers,_Freedom_and_Privacy_Conference  Total words in this page is 1089
2022-05-18 16:06:04,675 - https://en.wikipedia.org/wiki/Computer_City_(song)  Total words in this page is 857
2022-05-18 16:06:04,972 - https://en.wikipedia.org/wiki/Computer_Shopper_(UK_magazine)  Total words in this page is 346
2022-05-18 16:06:05,269 - https://en.wikipedia.org/wiki/Computer_magazine  Total words in this page is 650
2022-05-18 16:06:05,753 - https://en.wikipedia.org/wiki/Computer_Supported_Cooperative_Work  Total words in this page is 7452
2022-05-18 16:06:06,222 - https://en.wikipedia.org/wiki/Computer-supported_cooperative_work  Total words in this page is 7452
2022-05-18 16:06:06,565 - https://en.wikipedia.org/wiki/Computer-assisted_language_learning  Total words in this page is 5722
2022-05-18 16:06:06,910 - https://en.wikipedia.org/wiki/Computer-aided_tomography  Total words in this page is 840
2022-05-18 16:06:07,206 - https://en.wikipedia.org/wiki/Computer-assisted_proof  Total words in this page is 872
2022-05-18 16:06:07,488 - https://en.wikipedia.org/wiki/Computer-assisted_role-playing_game  Total words in this page is 634
2022-05-18 16:06:07,800 - https://en.wikipedia.org/wiki/Computer-assisted_auditing_techniques  Total words in this page is 1231
2022-05-18 16:06:08,066 - https://en.wikipedia.org/wiki/Computer-assisted_reporting  Total words in this page is 503
2022-05-18 16:06:08,331 - https://en.wikipedia.org/wiki/Computer-Assisted_Passenger_Prescreening_System  Total words in this page is 887
2022-05-18 16:06:08,677 - https://en.wikipedia.org/wiki/Computer_files  Total words in this page is 3700
2022-05-18 16:06:08,941 - https://en.wikipedia.org/wiki/Computer-assisted_legal_research  Total words in this page is 548
2022-05-18 16:06:09,175 - https://en.wikipedia.org/wiki/Computer_science_education_in_the_United_Kingdom  Total words in this page is 542
2022-05-18 16:06:09,441 - https://en.wikipedia.org/wiki/Computerspielemuseum_Berlin  Total words in this page is 450
2022-05-18 16:06:09,738 - https://en.wikipedia.org/wiki/Computer_Entertainment_Rating_Organization  Total words in this page is 602
2022-05-18 16:06:10,003 - https://en.wikipedia.org/wiki/Computer_Science_(journal)  Total words in this page is 108
2022-05-18 16:06:10,347 - https://en.wikipedia.org/wiki/Computer_Space  Total words in this page is 3960
2022-05-18 16:06:10,628 - https://en.wikipedia.org/wiki/Computer_Science_(UIL)  Total words in this page is 523
2022-05-18 16:06:11,050 - https://en.wikipedia.org/wiki/Computer_Recycling  Total words in this page is 5248
2022-05-18 16:06:11,316 - https://en.wikipedia.org/wiki/Computer-assisted_gaming  Total words in this page is 634
2022-05-18 16:06:11,674 - https://en.wikipedia.org/wiki/Computer_printer  Total words in this page is 3894
2022-05-18 16:06:11,952 - https://en.wikipedia.org/wiki/Computer_surveillance_in_the_workplace  Total words in this page is 542
2022-05-18 16:06:12,264 - https://en.wikipedia.org/wiki/Computer_Sciences_Corporation  Total words in this page is 559
2022-05-18 16:06:12,483 - https://en.wikipedia.org/wiki/Computer_Graphics_(newsletter)  Total words in this page is 75
2022-05-18 16:06:12,733 - https://en.wikipedia.org/wiki/Computer_Stored_Ambulatory_Record  Total words in this page is 59
2022-05-18 16:06:13,061 - https://en.wikipedia.org/wiki/Computer_forensics  Total words in this page is 1775
2022-05-18 16:06:13,530 - https://en.wikipedia.org/wiki/Computer_Associates  Total words in this page is 1617
2022-05-18 16:06:14,139 - https://en.wikipedia.org/wiki/Computer-aided_learning  Total words in this page is 11540
2022-05-18 16:06:14,785 - https://en.wikipedia.org/wiki/Computer-assisted_instruction  Total words in this page is 11540
2022-05-18 16:06:15,404 - https://en.wikipedia.org/wiki/Computer-based_learning  Total words in this page is 11540
2022-05-18 16:06:16,045 - https://en.wikipedia.org/wiki/Computer-aided_instruction  Total words in this page is 11540
2022-05-18 16:06:16,545 - https://en.wikipedia.org/wiki/Computer_chess  Total words in this page is 8574
2022-05-18 16:06:17,177 - https://en.wikipedia.org/wiki/Computer_role_playing_game  Total words in this page is 11202
2022-05-18 16:06:17,520 - https://en.wikipedia.org/wiki/Computer_Misuse_Act_1990  Total words in this page is 2247
2022-05-18 16:06:17,795 - https://en.wikipedia.org/wiki/Computer_scientist  Total words in this page is 340
2022-05-18 16:06:18,061 - https://en.wikipedia.org/wiki/Computer_Usage_Company  Total words in this page is 694
2022-05-18 16:06:18,342 - https://en.wikipedia.org/wiki/Computerworld  Total words in this page is 395
2022-05-18 16:06:18,623 - https://en.wikipedia.org/wiki/Computer-assisted_dispatch  Total words in this page is 2828
2022-05-18 16:06:18,905 - https://en.wikipedia.org/wiki/ComputerWorld  Total words in this page is 395
2022-05-18 16:06:19,186 - https://en.wikipedia.org/wiki/Computer-assisted_personal_interviewing  Total words in this page is 931
2022-05-18 16:06:19,420 - https://en.wikipedia.org/wiki/Computer_supported_collaborative_work  Total words in this page is 504
2022-05-18 16:06:19,654 - https://en.wikipedia.org/wiki/Computer_Assisted_Passenger_Prescreening_System_II  Total words in this page is 167
2022-05-18 16:06:19,972 - https://en.wikipedia.org/wiki/Computer-aided_audit_tools  Total words in this page is 1231
2022-05-18 16:06:20,566 - https://en.wikipedia.org/wiki/Computer_programs  Total words in this page is 5387
2022-05-18 16:06:20,816 - https://en.wikipedia.org/wiki/Computer-assisted_telephone_interviewing  Total words in this page is 183
2022-05-18 16:06:21,066 - https://en.wikipedia.org/wiki/Computer_compatibility  Total words in this page is 369
2022-05-18 16:06:21,581 - https://en.wikipedia.org/wiki/Computer_scientists  Total words in this page is 3753
2022-05-18 16:06:22,066 - https://en.wikipedia.org/wiki/Computer_gaming  Total words in this page is 5668
2022-05-18 16:06:22,284 - https://en.wikipedia.org/wiki/Computer_Sciences_Raytheon  Total words in this page is 108
2022-05-18 16:06:22,566 - https://en.wikipedia.org/wiki/Computer_Online_Forensic_Evidence_Extractor  Total words in this page is 521
2022-05-18 16:06:22,846 - https://en.wikipedia.org/wiki/Computer_Associates_International,_Inc._v._Altai,_Inc.  Total words in this page is 1541
2022-05-18 16:06:23,096 - https://en.wikipedia.org/wiki/Computers_in_Human_Behavior  Total words in this page is 65
2022-05-18 16:06:23,377 - https://en.wikipedia.org/wiki/Computerized_adaptive_testing  Total words in this page is 2651
2022-05-18 16:06:23,641 - https://en.wikipedia.org/wiki/Computer_Chess_(film)  Total words in this page is 411
2022-05-18 16:06:23,891 - https://en.wikipedia.org/wiki/Computerized_classification_test  Total words in this page is 1077
2022-05-18 16:06:24,125 - https://en.wikipedia.org/wiki/Computer_aided_assessment  Total words in this page is 309
2022-05-18 16:06:24,528 - https://en.wikipedia.org/wiki/Computer_shogi  Total words in this page is 3039
2022-05-18 16:06:24,820 - https://en.wikipedia.org/wiki/Computer_Sweden  Total words in this page is 395
2022-05-18 16:06:25,179 - https://en.wikipedia.org/wiki/Computer_ethics  Total words in this page is 1347
2022-05-18 16:06:25,460 - https://en.wikipedia.org/wiki/Computerwoche  Total words in this page is 395
2022-05-18 16:06:25,801 - https://en.wikipedia.org/wiki/Computer_World  Total words in this page is 960
2022-05-18 16:06:26,191 - https://en.wikipedia.org/wiki/Computer_Supported_Collaborative_Learning  Total words in this page is 6058
2022-05-18 16:06:26,582 - https://en.wikipedia.org/wiki/Computer_Go  Total words in this page is 4992
2022-05-18 16:06:26,894 - https://en.wikipedia.org/wiki/Computer_Othello  Total words in this page is 1096
2022-05-18 16:06:27,191 - https://en.wikipedia.org/wiki/Computer_checkers  Total words in this page is 1549
2022-05-18 16:06:27,425 - https://en.wikipedia.org/wiki/Computer_Entertainment_Supplier%27s_Association  Total words in this page is 119
2022-05-18 16:06:27,722 - https://en.wikipedia.org/wiki/Computer_Assisted_Passenger_Prescreening_System  Total words in this page is 887
2022-05-18 16:06:28,035 - https://en.wikipedia.org/wiki/Computer-assisted_web_interviewing  Total words in this page is 912
2022-05-18 16:06:28,394 - https://en.wikipedia.org/wiki/Computer_engineer  Total words in this page is 1872
2022-05-18 16:06:28,721 - https://en.wikipedia.org/wiki/Computer_chess_bet  Total words in this page is 1752
2022-05-18 16:06:29,346 - https://en.wikipedia.org/wiki/Computer_Security  Total words in this page is 8618
2022-05-18 16:06:29,643 - https://en.wikipedia.org/wiki/Computer-based_assessment  Total words in this page is 1928
2022-05-18 16:06:29,909 - https://en.wikipedia.org/wiki/Computer_adaptive_sequential_testing  Total words in this page is 66
2022-05-18 16:06:30,127 - https://en.wikipedia.org/wiki/Computer-aided_assessment  Total words in this page is 309
2022-05-18 16:06:30,424 - https://en.wikipedia.org/wiki/Computer-based_testing  Total words in this page is 1928
2022-05-18 16:06:30,925 - https://en.wikipedia.org/wiki/Computer_Chess  Total words in this page is 8574
2022-05-18 16:06:31,144 - https://en.wikipedia.org/wiki/Computer_Power_and_Human_Reason  Total words in this page is 192
2022-05-18 16:06:31,425 - https://en.wikipedia.org/wiki/Computer_Go_UEC_Cup  Total words in this page is 124
2022-05-18 16:06:31,690 - https://en.wikipedia.org/wiki/Computer_World_(tour)  Total words in this page is 48
2022-05-18 16:06:31,972 - https://en.wikipedia.org/wiki/Computer_Love_(Kraftwerk_song)  Total words in this page is 144
2022-05-18 16:06:32,581 - https://en.wikipedia.org/wiki/Computer_Olympiad  Total words in this page is 2338
2022-05-18 16:06:32,987 - https://en.wikipedia.org/wiki/Computer_technology  Total words in this page is 2852
2022-05-18 16:06:34,337 - https://en.wikipedia.org/wiki/Computer_Othello_(video_game)  Total words in this page is 195
2022-05-18 16:06:34,649 - https://en.wikipedia.org/wiki/Computer-adaptive_test  Total words in this page is 2651
2022-05-18 16:06:34,868 - https://en.wikipedia.org/wiki/Computer-adaptive_sequential_testing  Total words in this page is 66
2022-05-18 16:06:35,119 - https://en.wikipedia.org/wiki/Computerliebe_(Die_Module_spielen_verr%C3%BCckt)  Total words in this page is 233
2022-05-18 16:06:35,357 - https://en.wikipedia.org/wiki/Computer_network_programming  Total words in this page is 191
2022-05-18 16:06:35,677 - https://en.wikipedia.org/wiki/Computer_bridge  Total words in this page is 1014
2022-05-18 16:06:36,064 - https://en.wikipedia.org/wiki/Computer_services  Total words in this page is 3512
2022-05-18 16:06:36,467 - https://en.wikipedia.org/wiki/Computer_industry  Total words in this page is 3512
2022-05-18 16:06:36,811 - https://en.wikipedia.org/wiki/Computer_TV-Game  Total words in this page is 1494
2022-05-18 16:06:36,811 - Total words : 632660
2022-05-18 16:06:36,811 - Total pages : 289
2022-05-18 16:06:36,811 - Average Words per page : 2189.1349480968856
2022-05-18 16:52:56,483 - https://docs.python.org/3/howto/logging.html  Total words in this page is 5203
2022-05-18 16:52:56,484 - Total words : 5203
2022-05-18 16:52:56,485 - Total pages : 1
2022-05-18 16:52:56,485 - Average Words per page : 5203.0
2022-05-18 17:51:55,746 - https://docs.python.org/3/howto/logging.html  Total words in this page is 5203
2022-05-18 17:51:55,746 - Total words : 5203
2022-05-18 17:51:55,746 - Total pages : 1
2022-05-18 17:51:55,746 - Average Words per page : 5203.0
